<?xml version="1.0" encoding="UTF-8"?>
<!-- Generated by org.testng.reporters.JUnitXMLReporter -->
<testsuite ignored="0" hostname="HP-ARIFINTAHU" failures="0" tests="11" name="Surefire test" time="51.41" errors="0" timestamp="09 Jun 2022 06:29:43 GMT">
  <testcase classname="cobaqaautomation.cobamay2022.AppTest" name="shouldAnswerWithTrue" time="0.063"/>
  <testcase classname="cobaqaautomation.cobamay2022.CobaCommonTest" name="testSwitching" time="11.453"/>
  <testcase classname="cobaqaautomation.cobamay2022.CobaGraphQLTest" name="checkCEO" time="4.786"/>
  <testcase classname="cobaqaautomation.cobamay2022.CobaGraphQLTest" name="getLaunchesWithVariables" time="2.347"/>
  <testcase classname="cobaqaautomation.cobamay2022.CobaWebTest" name="testLogin" time="6.22"/>
  <testcase classname="cobaqaautomation.cobamay2022.CobaWebTest" name="testLoginFailedWrongPassword" time="6.07"/>
  <testcase classname="cobaqaautomation.cobamay2022.CobaWebTest" name="testLoginFailedWrongUsername" time="4.054"/>
  <testcase classname="cobaqaautomation.cobamay2022.CobaWebTest" name="testLoginFailedWrongUsernameandPassword" time="5.507"/>
  <testcase classname="cobaqaautomation.cobamay2022.CobaAPITest" name="loginAPI" time="2.362"/>
  <testcase classname="cobaqaautomation.cobamay2022.CobaAPITest" name="dashboardAPI" time="2.003"/>
  <testcase classname="cobaqaautomation.cobamay2022.CobaAPITest" name="configAPI" time="1.842"/>
</testsuite> <!-- Surefire test -->
