<?xml version="1.0" encoding="UTF-8"?>
<!-- Generated by org.testng.reporters.JUnitXMLReporter -->
<testsuite ignored="0" hostname="HP-ARIFINTAHU" failures="0" tests="11" name="Surefire test" time="54.508" errors="0" timestamp="21 Jun 2022 06:40:45 GMT">
  <testcase classname="cobaqaautomation.cobamay2022.AppTest" name="shouldAnswerWithTrue" time="0.068"/>
  <testcase classname="cobaqaautomation.cobamay2022.CobaCommonTest" name="testSwitching" time="13.237"/>
  <testcase classname="cobaqaautomation.cobamay2022.CobaGraphQLTest" name="checkCEO" time="4.213"/>
  <testcase classname="cobaqaautomation.cobamay2022.CobaGraphQLTest" name="getLaunchesWithVariables" time="1.922"/>
  <testcase classname="cobaqaautomation.cobamay2022.CobaWebTest" name="testLogin" time="7.055"/>
  <testcase classname="cobaqaautomation.cobamay2022.CobaWebTest" name="testLoginFailedWrongPassword" time="5.751"/>
  <testcase classname="cobaqaautomation.cobamay2022.CobaWebTest" name="testLoginFailedWrongUsername" time="5.182"/>
  <testcase classname="cobaqaautomation.cobamay2022.CobaWebTest" name="testLoginFailedWrongUsernameandPassword" time="5.593"/>
  <testcase classname="cobaqaautomation.cobamay2022.CobaAPITest" name="loginAPI" time="2.044"/>
  <testcase classname="cobaqaautomation.cobamay2022.CobaAPITest" name="dashboardAPI" time="2.439"/>
  <testcase classname="cobaqaautomation.cobamay2022.CobaAPITest" name="configAPI" time="2.741"/>
</testsuite> <!-- Surefire test -->
