<?xml version="1.0" encoding="UTF-8"?>
<!-- Generated by org.testng.reporters.JUnitXMLReporter -->
<testsuite ignored="0" hostname="HP-ARIFINTAHU" failures="0" tests="12" name="Default test" time="56.653" errors="0" timestamp="2022-06-19T20:09:38 WIB">
  <testcase classname="cobaqaautomation.cobamay2022.CobaWebTestAfterPOM" name="checkOut" time="1.412"/>
  <testcase classname="cobaqaautomation.cobamay2022.CobaWebTestAfterPOM" name="checkOutOverStepOne" time="1.404"/>
  <testcase classname="cobaqaautomation.cobamay2022.CobaWebTestAfterPOM" name="checkOutStepOne" time="0.809"/>
  <testcase classname="cobaqaautomation.cobamay2022.CobaWebTestAfterPOM" name="failedNotInputCheckOutPage" time="0.952"/>
  <testcase classname="cobaqaautomation.cobamay2022.CobaWebTestAfterPOM" name="failedNotInputFirstName" time="1.053"/>
  <testcase classname="cobaqaautomation.cobamay2022.CobaWebTestAfterPOM" name="failedNotInputLastName" time="1.124"/>
  <testcase classname="cobaqaautomation.cobamay2022.CobaWebTestAfterPOM" name="failedNotInputPostalCode" time="1.764"/>
  <testcase classname="cobaqaautomation.cobamay2022.CobaWebTestAfterPOM" name="testAddProducts" time="0.51"/>
  <testcase classname="cobaqaautomation.cobamay2022.CobaWebTestAfterPOM" name="testLogin" time="0.545"/>
  <testcase classname="cobaqaautomation.cobamay2022.CobaWebTestAfterPOM" name="testLoginFailedWrongPassword" time="0.289"/>
  <testcase classname="cobaqaautomation.cobamay2022.CobaWebTestAfterPOM" name="testLoginFailedWrongUsername" time="0.327"/>
  <testcase classname="cobaqaautomation.cobamay2022.CobaWebTestAfterPOM" name="testLoginFailedWrongUsernameandPassword" time="0.307"/>
</testsuite> <!-- Default test -->
