<?xml version="1.0" encoding="UTF-8"?>
<!-- Generated by org.testng.reporters.JUnitXMLReporter -->
<testsuite ignored="0" hostname="HP-ARIFINTAHU" failures="0" tests="5" name="Test" time="16.585" errors="0" timestamp="2022-05-27T15:44:28 WIB">
  <testcase classname="cobaqaautomation.cobamay2022.CobaWebTestAfterRefactor" name="testLogin" time="0.453"/>
  <testcase classname="cobaqaautomation.cobamay2022.CobaWebTestAfterRefactor" name="testLoginFailedWrongPassword" time="0.379"/>
  <testcase classname="cobaqaautomation.cobamay2022.CobaWebTestAfterRefactor" name="testLoginFailedWrongUsernameandPassword" time="0.404"/>
  <testcase classname="cobaqaautomation.cobamay2022.CobaWebTestAfterRefactor" name="testLoginFailedWrongUsername" time="0.399"/>
  <testcase classname="cobaqaautomation.cobamay2022.AppTest" name="shouldAnswerWithTrue" time="0.002"/>
</testsuite> <!-- Test -->
