<?xml version="1.0" encoding="UTF-8"?>
<testng-results ignored="0" total="2" passed="2" failed="0" skipped="0">
  <reporter-output>
  </reporter-output>
  <suite started-at="2022-06-09T09:41:11 WIB" name="Default suite" finished-at="2022-06-09T09:41:33 WIB" duration-ms="22393">
    <groups>
    </groups>
    <test started-at="2022-06-09T09:41:11 WIB" name="Default test" finished-at="2022-06-09T09:41:33 WIB" duration-ms="22393">
      <class name="cobaqaautomation.cobamay2022.yopmail.BaseWebTestAfterPOM">
        <test-method is-config="true" signature="setUp()[pri:0, instance:cobaqaautomation.cobamay2022.yopmail.BaseWebTestAfterPOM@36b4091c]" started-at="2022-06-09T09:41:11 WIB" name="setUp" finished-at="2022-06-09T09:41:21 WIB" duration-ms="10715" status="PASS">
          <reporter-output>
          </reporter-output>
        </test-method> <!-- setUp -->
        <test-method signature="testLogin()[pri:0, instance:cobaqaautomation.cobamay2022.yopmail.BaseWebTestAfterPOM@36b4091c]" started-at="2022-06-09T09:41:22 WIB" name="testLogin" finished-at="2022-06-09T09:41:24 WIB" duration-ms="1997" status="PASS">
          <reporter-output>
          </reporter-output>
        </test-method> <!-- testLogin -->
        <test-method is-config="true" signature="tearDown()[pri:0, instance:cobaqaautomation.cobamay2022.yopmail.BaseWebTestAfterPOM@36b4091c]" started-at="2022-06-09T09:41:24 WIB" name="tearDown" finished-at="2022-06-09T09:41:24 WIB" duration-ms="134" status="PASS">
          <reporter-output>
          </reporter-output>
        </test-method> <!-- tearDown -->
        <test-method is-config="true" signature="setUp()[pri:0, instance:cobaqaautomation.cobamay2022.yopmail.BaseWebTestAfterPOM@36b4091c]" started-at="2022-06-09T09:41:24 WIB" name="setUp" finished-at="2022-06-09T09:41:31 WIB" duration-ms="7013" status="PASS">
          <reporter-output>
          </reporter-output>
        </test-method> <!-- setUp -->
        <test-method signature="testSwitchFrame()[pri:0, instance:cobaqaautomation.cobamay2022.yopmail.BaseWebTestAfterPOM@36b4091c]" started-at="2022-06-09T09:41:31 WIB" name="testSwitchFrame" finished-at="2022-06-09T09:41:33 WIB" duration-ms="2171" status="PASS">
          <reporter-output>
          </reporter-output>
        </test-method> <!-- testSwitchFrame -->
        <test-method is-config="true" signature="tearDown()[pri:0, instance:cobaqaautomation.cobamay2022.yopmail.BaseWebTestAfterPOM@36b4091c]" started-at="2022-06-09T09:41:33 WIB" name="tearDown" finished-at="2022-06-09T09:41:33 WIB" duration-ms="146" status="PASS">
          <reporter-output>
          </reporter-output>
        </test-method> <!-- tearDown -->
      </class> <!-- cobaqaautomation.cobamay2022.yopmail.BaseWebTestAfterPOM -->
    </test> <!-- Default test -->
  </suite> <!-- Default suite -->
</testng-results>
