<?xml version="1.0" encoding="UTF-8"?>
<testng-results ignored="0" total="1" passed="1" failed="0" skipped="0">
  <reporter-output>
  </reporter-output>
  <suite started-at="2022-06-13T13:52:02 WIB" name="Default suite" finished-at="2022-06-13T13:52:11 WIB" duration-ms="8960">
    <groups>
    </groups>
    <test started-at="2022-06-13T13:52:02 WIB" name="Default test" finished-at="2022-06-13T13:52:11 WIB" duration-ms="8960">
      <class name="cobaqaautomation.cobamay2022.CobaWebTestAfterPageFactory">
        <test-method is-config="true" signature="setUp()[pri:0, instance:cobaqaautomation.cobamay2022.CobaWebTestAfterPageFactory@1838ccb8]" started-at="2022-06-13T13:52:02 WIB" name="setUp" finished-at="2022-06-13T13:52:10 WIB" duration-ms="7799" status="PASS">
          <reporter-output>
          </reporter-output>
        </test-method> <!-- setUp -->
        <test-method signature="testLogin()[pri:0, instance:cobaqaautomation.cobamay2022.CobaWebTestAfterPageFactory@1838ccb8]" started-at="2022-06-13T13:52:10 WIB" name="testLogin" finished-at="2022-06-13T13:52:11 WIB" duration-ms="821" status="PASS">
          <reporter-output>
          </reporter-output>
        </test-method> <!-- testLogin -->
        <test-method is-config="true" signature="tearDown()[pri:0, instance:cobaqaautomation.cobamay2022.CobaWebTestAfterPageFactory@1838ccb8]" started-at="2022-06-13T13:52:11 WIB" name="tearDown" finished-at="2022-06-13T13:52:11 WIB" duration-ms="186" status="PASS">
          <reporter-output>
          </reporter-output>
        </test-method> <!-- tearDown -->
      </class> <!-- cobaqaautomation.cobamay2022.CobaWebTestAfterPageFactory -->
    </test> <!-- Default test -->
  </suite> <!-- Default suite -->
</testng-results>
